[LT] [2016-05-11 22:30:10,536] [INFO] (SmsHandle.java.186) | ä½¿ç”¨AxisCallClientè°ƒç”¨WebServiceåœ°å€ï½›http://211.99.191.148/mms/services/infoï½æ–¹æ³•ï½›sendSMSï½æˆåŠŸï¼
[LT] [2016-05-11 22:32:06,006] [INFO] (SmsHandle.java.186) | ä½¿ç”¨AxisCallClientè°ƒç”¨WebServiceåœ°å€ï½›http://211.99.191.148/mms/services/infoï½æ–¹æ³•ï½›sendSMSï½æˆåŠŸï¼
[LT] [2016-09-29 18:22:07,226] [INFO] (SmsHandle.java.186) | ä½¿ç”¨AxisCallClientè°ƒç”¨WebServiceåœ°å€ï½›http://211.99.191.148/mms/services/infoï½æ–¹æ³•ï½›sendSMSï½æˆåŠŸï¼
[LT] [2016-09-29 18:24:14,144] [INFO] (SmsHandle.java.186) | ä½¿ç”¨AxisCallClientè°ƒç”¨WebServiceåœ°å€ï½›http://211.99.191.148/mms/services/infoï½æ–¹æ³•ï½›sendSMSï½æˆåŠŸï¼
[LT] [2016-11-25 13:15:54,049] [ERROR] (HttpClientUtil.java.110) | api error
java.lang.Exception: ²»ÄÜ´¦ÀíµÄÇëÇó:http://sms.253.com/msg/
	at com.zxkj.util.HttpClientUtil.api(HttpClientUtil.java:102)
	at com.zxkj.util.HttpClientUtil.call(HttpClientUtil.java:120)
	at com.zxkj.util.SmsSendUtil.send(SmsSendUtil.java:26)
	at com.zxkj.util.SmsSendUtil.main(SmsSendUtil.java:31)
[LT] [2016-12-02 17:53:12,528] [INFO] (SmsHandle.java.40) | SmsHandle->phone=13152173881
[LT] [2016-12-02 17:53:12,530] [INFO] (SmsHandle.java.41) | SmsHandle->msg=è¯•ç®—é‚®ä»¶æµ‹è¯•
[LT] [2016-12-02 17:53:12,771] [ERROR] (HttpClientUtil.java.110) | api error
java.net.UnknownHostException: sms.253.com
	at java.net.AbstractPlainSocketImpl.connect(Unknown Source)
	at java.net.PlainSocketImpl.connect(Unknown Source)
	at java.net.SocksSocketImpl.connect(Unknown Source)
	at java.net.Socket.connect(Unknown Source)
	at java.net.Socket.connect(Unknown Source)
	at java.net.Socket.<init>(Unknown Source)
	at java.net.Socket.<init>(Unknown Source)
	at org.apache.commons.httpclient.protocol.DefaultProtocolSocketFactory.createSocket(DefaultProtocolSocketFactory.java:80)
	at org.apache.commons.httpclient.protocol.DefaultProtocolSocketFactory.createSocket(DefaultProtocolSocketFactory.java:122)
	at org.apache.commons.httpclient.HttpConnection.open(HttpConnection.java:707)
	at org.apache.commons.httpclient.HttpMethodDirector.executeWithRetry(HttpMethodDirector.java:387)
	at org.apache.commons.httpclient.HttpMethodDirector.executeMethod(HttpMethodDirector.java:171)
	at org.apache.commons.httpclient.HttpClient.executeMethod(HttpClient.java:397)
	at org.apache.commons.httpclient.HttpClient.executeMethod(HttpClient.java:323)
	at com.zxkj.util.HttpClientUtil.api(HttpClientUtil.java:98)
	at com.zxkj.util.HttpClientUtil.call(HttpClientUtil.java:120)
	at com.zxkj.util.SmsHandle.smsSend(SmsHandle.java:50)
	at com.zxkj.util.SmsHandle.main(SmsHandle.java:60)
[LT] [2016-12-02 17:53:12,773] [INFO] (SmsHandle.java.52) | SmsHandle->result=null
[LT] [2016-12-02 17:54:03,222] [ERROR] (HttpClientUtil.java.110) | api error
java.net.UnknownHostException: sms.253.com
	at java.net.AbstractPlainSocketImpl.connect(Unknown Source)
	at java.net.PlainSocketImpl.connect(Unknown Source)
	at java.net.SocksSocketImpl.connect(Unknown Source)
	at java.net.Socket.connect(Unknown Source)
	at java.net.Socket.connect(Unknown Source)
	at java.net.Socket.<init>(Unknown Source)
	at java.net.Socket.<init>(Unknown Source)
	at org.apache.commons.httpclient.protocol.DefaultProtocolSocketFactory.createSocket(DefaultProtocolSocketFactory.java:80)
	at org.apache.commons.httpclient.protocol.DefaultProtocolSocketFactory.createSocket(DefaultProtocolSocketFactory.java:122)
	at org.apache.commons.httpclient.HttpConnection.open(HttpConnection.java:707)
	at org.apache.commons.httpclient.HttpMethodDirector.executeWithRetry(HttpMethodDirector.java:387)
	at org.apache.commons.httpclient.HttpMethodDirector.executeMethod(HttpMethodDirector.java:171)
	at org.apache.commons.httpclient.HttpClient.executeMethod(HttpClient.java:397)
	at org.apache.commons.httpclient.HttpClient.executeMethod(HttpClient.java:323)
	at com.zxkj.util.HttpClientUtil.api(HttpClientUtil.java:98)
	at com.zxkj.util.HttpClientUtil.call(HttpClientUtil.java:120)
	at com.zxkj.util.SmsSendUtil.send(SmsSendUtil.java:29)
	at com.zxkj.util.SmsSendUtil.main(SmsSendUtil.java:34)
